This file contains any messages produced by compilers while
running configure, to aid debugging if configure makes a mistake.

It was created by Torc-Lite configure 0.1a, which was
generated by GNU Autoconf 2.69.  Invocation command line was

  $ ./configure --prefix=//home/s3052081/usr

## --------- ##
## Platform. ##
## --------- ##

hostname = ECS135543
uname -m = x86_64
uname -r = 4.4.0-124-generic
uname -s = Linux
uname -v = #148-Ubuntu SMP Wed May 2 13:00:18 UTC 2018

/usr/bin/uname -p = unknown
/bin/uname -X     = unknown

/bin/arch              = unknown
/usr/bin/arch -k       = unknown
/usr/convex/getsysinfo = unknown
/usr/bin/hostinfo      = unknown
/bin/machine           = unknown
/usr/bin/oslevel       = unknown
/bin/universe          = unknown

PATH: /home/s3052081/usr/torc/bin
PATH: /home/s3052081/usr/torc/bin
PATH: /opt/Xilinx/Vivado/2015.4/bin
PATH: /usr/local/MATLAB/R2017a/bin
PATH: /home/s3052081/bin
PATH: /home/s3052081/.local/bin
PATH: /usr/local/sbin
PATH: /usr/local/bin
PATH: /usr/sbin
PATH: /usr/bin
PATH: /sbin
PATH: /bin
PATH: /usr/games
PATH: /usr/local/games
PATH: /snap/bin


## ----------- ##
## Core tests. ##
## ----------- ##

configure:2278: checking build system type
configure:2292: result: x86_64-unknown-linux-gnu
configure:2312: checking host system type
configure:2325: result: x86_64-unknown-linux-gnu
configure:2345: checking target system type
configure:2358: result: x86_64-unknown-linux-gnu
configure:2404: checking for a BSD-compatible install
configure:2472: result: /usr/bin/install -c
configure:2483: checking whether build environment is sane
configure:2538: result: yes
configure:2689: checking for a thread-safe mkdir -p
configure:2728: result: /bin/mkdir -p
configure:2735: checking for gawk
configure:2765: result: no
configure:2735: checking for mawk
configure:2751: found /usr/bin/mawk
configure:2762: result: mawk
configure:2773: checking whether make sets $(MAKE)
configure:2795: result: yes
configure:2824: checking whether make supports nested variables
configure:2841: result: yes
configure:3022: checking for mpicc
configure:3038: found /usr/bin/mpicc
configure:3049: result: mpicc
configure:3080: checking for C compiler version
configure:3089: mpicc --version >&5
gcc (Ubuntu 5.4.0-6ubuntu1~16.04.10) 5.4.0 20160609
Copyright (C) 2015 Free Software Foundation, Inc.
This is free software; see the source for copying conditions.  There is NO
warranty; not even for MERCHANTABILITY or FITNESS FOR A PARTICULAR PURPOSE.

configure:3100: $? = 0
configure:3089: mpicc -v >&5
mpicc for MPICH version 3.2
Using built-in specs.
COLLECT_GCC=gcc
COLLECT_LTO_WRAPPER=/usr/lib/gcc/x86_64-linux-gnu/5/lto-wrapper
Target: x86_64-linux-gnu
Configured with: ../src/configure -v --with-pkgversion='Ubuntu 5.4.0-6ubuntu1~16.04.10' --with-bugurl=file:///usr/share/doc/gcc-5/README.Bugs --enable-languages=c,ada,c++,java,go,d,fortran,objc,obj-c++ --prefix=/usr --program-suffix=-5 --enable-shared --enable-linker-build-id --libexecdir=/usr/lib --without-included-gettext --enable-threads=posix --libdir=/usr/lib --enable-nls --with-sysroot=/ --enable-clocale=gnu --enable-libstdcxx-debug --enable-libstdcxx-time=yes --with-default-libstdcxx-abi=new --enable-gnu-unique-object --disable-vtable-verify --enable-libmpx --enable-plugin --with-system-zlib --disable-browser-plugin --enable-java-awt=gtk --enable-gtk-cairo --with-java-home=/usr/lib/jvm/java-1.5.0-gcj-5-amd64/jre --enable-java-home --with-jvm-root-dir=/usr/lib/jvm/java-1.5.0-gcj-5-amd64 --with-jvm-jar-dir=/usr/lib/jvm-exports/java-1.5.0-gcj-5-amd64 --with-arch-directory=amd64 --with-ecj-jar=/usr/share/java/eclipse-ecj.jar --enable-objc-gc --enable-multiarch --disable-werror --with-arch-32=i686 --with-abi=m64 --with-multilib-list=m32,m64,mx32 --enable-multilib --with-tune=generic --enable-checking=release --build=x86_64-linux-gnu --host=x86_64-linux-gnu --target=x86_64-linux-gnu
Thread model: posix
gcc version 5.4.0 20160609 (Ubuntu 5.4.0-6ubuntu1~16.04.10) 
configure:3100: $? = 0
configure:3089: mpicc -V >&5
gcc: error: unrecognized command line option '-V'
configure:3100: $? = 1
configure:3089: mpicc -qversion >&5
gcc: error: unrecognized command line option '-qversion'
configure:3100: $? = 1
configure:3120: checking whether the C compiler works
configure:3142: mpicc    conftest.c  >&5
configure:3146: $? = 0
configure:3194: result: yes
configure:3197: checking for C compiler default output file name
configure:3199: result: a.out
configure:3205: checking for suffix of executables
configure:3212: mpicc -o conftest    conftest.c  >&5
configure:3216: $? = 0
configure:3238: result: 
configure:3260: checking whether we are cross compiling
configure:3268: mpicc -o conftest    conftest.c  >&5
configure:3272: $? = 0
configure:3279: ./conftest
configure:3283: $? = 0
configure:3298: result: no
configure:3303: checking for suffix of object files
configure:3325: mpicc -c   conftest.c >&5
configure:3329: $? = 0
configure:3350: result: o
configure:3354: checking whether we are using the GNU C compiler
configure:3373: mpicc -c   conftest.c >&5
configure:3373: $? = 0
configure:3382: result: yes
configure:3391: checking whether mpicc accepts -g
configure:3411: mpicc -c -g  conftest.c >&5
configure:3411: $? = 0
configure:3452: result: yes
configure:3469: checking for mpicc option to accept ISO C89
configure:3532: mpicc  -c -g -O2  conftest.c >&5
configure:3532: $? = 0
configure:3545: result: none needed
configure:3570: checking whether mpicc understands -c and -o together
configure:3592: mpicc -c conftest.c -o conftest2.o
configure:3595: $? = 0
configure:3592: mpicc -c conftest.c -o conftest2.o
configure:3595: $? = 0
configure:3607: result: yes
configure:3635: checking for style of include used by make
configure:3663: result: GNU
configure:3689: checking dependency style of mpicc
configure:3800: result: gcc3
configure:3868: checking for mpif90
configure:3884: found /usr/bin/mpif90
configure:3895: result: mpif90
configure:3921: checking for Fortran 77 compiler version
configure:3930: mpif90 --version >&5
GNU Fortran (Ubuntu 5.4.0-6ubuntu1~16.04.10) 5.4.0 20160609
Copyright (C) 2015 Free Software Foundation, Inc.

GNU Fortran comes with NO WARRANTY, to the extent permitted by law.
You may redistribute copies of GNU Fortran
under the terms of the GNU General Public License.
For more information about these matters, see the file named COPYING

configure:3941: $? = 0
configure:3930: mpif90 -v >&5
mpifort for MPICH version 3.2
Using built-in specs.
COLLECT_GCC=gfortran
COLLECT_LTO_WRAPPER=/usr/lib/gcc/x86_64-linux-gnu/5/lto-wrapper
Target: x86_64-linux-gnu
Configured with: ../src/configure -v --with-pkgversion='Ubuntu 5.4.0-6ubuntu1~16.04.10' --with-bugurl=file:///usr/share/doc/gcc-5/README.Bugs --enable-languages=c,ada,c++,java,go,d,fortran,objc,obj-c++ --prefix=/usr --program-suffix=-5 --enable-shared --enable-linker-build-id --libexecdir=/usr/lib --without-included-gettext --enable-threads=posix --libdir=/usr/lib --enable-nls --with-sysroot=/ --enable-clocale=gnu --enable-libstdcxx-debug --enable-libstdcxx-time=yes --with-default-libstdcxx-abi=new --enable-gnu-unique-object --disable-vtable-verify --enable-libmpx --enable-plugin --with-system-zlib --disable-browser-plugin --enable-java-awt=gtk --enable-gtk-cairo --with-java-home=/usr/lib/jvm/java-1.5.0-gcj-5-amd64/jre --enable-java-home --with-jvm-root-dir=/usr/lib/jvm/java-1.5.0-gcj-5-amd64 --with-jvm-jar-dir=/usr/lib/jvm-exports/java-1.5.0-gcj-5-amd64 --with-arch-directory=amd64 --with-ecj-jar=/usr/share/java/eclipse-ecj.jar --enable-objc-gc --enable-multiarch --disable-werror --with-arch-32=i686 --with-abi=m64 --with-multilib-list=m32,m64,mx32 --enable-multilib --with-tune=generic --enable-checking=release --build=x86_64-linux-gnu --host=x86_64-linux-gnu --target=x86_64-linux-gnu
Thread model: posix
gcc version 5.4.0 20160609 (Ubuntu 5.4.0-6ubuntu1~16.04.10) 
configure:3941: $? = 0
configure:3930: mpif90 -V >&5
gfortran: error: unrecognized command line option '-V'
configure:3941: $? = 1
configure:3930: mpif90 -qversion >&5
gfortran: error: unrecognized command line option '-qversion'
configure:3941: $? = 1
configure:3950: checking whether we are using the GNU Fortran 77 compiler
configure:3963: mpif90 -c  conftest.F >&5
configure:3963: $? = 0
configure:3972: result: yes
configure:3978: checking whether mpif90 accepts -g
configure:3989: mpif90 -c -g conftest.f >&5
configure:3989: $? = 0
configure:3997: result: yes
configure:4038: checking how to run the C preprocessor
configure:4069: mpicc -E  conftest.c
configure:4069: $? = 0
configure:4083: mpicc -E  conftest.c
conftest.c:11:28: fatal error: ac_nonexistent.h: No such file or directory
compilation terminated.
configure:4083: $? = 1
configure: failed program was:
| /* confdefs.h */
| #define PACKAGE_NAME "Torc-Lite"
| #define PACKAGE_TARNAME "Torc-Lite"
| #define PACKAGE_VERSION "0.1a"
| #define PACKAGE_STRING "Torc-Lite 0.1a"
| #define PACKAGE_BUGREPORT ""
| #define PACKAGE_URL ""
| #define PACKAGE "Torc-Lite"
| #define VERSION "0.1a"
| /* end confdefs.h.  */
| #include <ac_nonexistent.h>
configure:4108: result: mpicc -E
configure:4128: mpicc -E  conftest.c
configure:4128: $? = 0
configure:4142: mpicc -E  conftest.c
conftest.c:11:28: fatal error: ac_nonexistent.h: No such file or directory
compilation terminated.
configure:4142: $? = 1
configure: failed program was:
| /* confdefs.h */
| #define PACKAGE_NAME "Torc-Lite"
| #define PACKAGE_TARNAME "Torc-Lite"
| #define PACKAGE_VERSION "0.1a"
| #define PACKAGE_STRING "Torc-Lite 0.1a"
| #define PACKAGE_BUGREPORT ""
| #define PACKAGE_URL ""
| #define PACKAGE "Torc-Lite"
| #define VERSION "0.1a"
| /* end confdefs.h.  */
| #include <ac_nonexistent.h>
configure:4171: checking whether make sets $(MAKE)
configure:4193: result: yes
configure:4245: checking for ranlib
configure:4261: found /usr/bin/ranlib
configure:4272: result: ranlib
configure:4303: checking dependency style of mpicc
configure:4412: result: gcc3
configure:4433: checking how to get verbose linking output from mpif90
configure:4443: mpif90 -c -g -O2 conftest.f >&5
configure:4443: $? = 0
configure:4461: mpif90 -o conftest -g -O2 -v conftest.f
mpifort for MPICH version 3.2
Using built-in specs.
Target: x86_64-linux-gnu
Thread model: posix
gcc version 5.4.0 20160609 (Ubuntu 5.4.0-6ubuntu1~16.04.10) 
 /usr/lib/gcc/x86_64-linux-gnu/5/f951 conftest.f -ffixed-form -I /usr/include/mpich -I /usr/include/mpich -quiet -dumpbase conftest.f -mtune=generic -march=x86-64 -auxbase conftest -g -O2 -version -fintrinsic-modules-path /usr/lib/gcc/x86_64-linux-gnu/5/finclude -o /tmp/ccDqzQOM.s
GNU Fortran (Ubuntu 5.4.0-6ubuntu1~16.04.10) version 5.4.0 20160609 (x86_64-linux-gnu)
	compiled by GNU C version 5.4.0 20160609, GMP version 6.1.0, MPFR version 3.1.4, MPC version 1.0.3
GGC heuristics: --param ggc-min-expand=100 --param ggc-min-heapsize=131072
GNU Fortran2008 (Ubuntu 5.4.0-6ubuntu1~16.04.10) version 5.4.0 20160609 (x86_64-linux-gnu)
	compiled by GNU C version 5.4.0 20160609, GMP version 6.1.0, MPFR version 3.1.4, MPC version 1.0.3
GGC heuristics: --param ggc-min-expand=100 --param ggc-min-heapsize=131072
 as -v -I /usr/include/mpich -I /usr/include/mpich --64 -o /tmp/ccUyTNBu.o /tmp/ccDqzQOM.s
GNU assembler version 2.26.1 (x86_64-linux-gnu) using BFD version (GNU Binutils for Ubuntu) 2.26.1
Reading specs from /usr/lib/gcc/x86_64-linux-gnu/5/libgfortran.spec
rename spec lib to liborig
 /usr/lib/gcc/x86_64-linux-gnu/5/collect2 -plugin /usr/lib/gcc/x86_64-linux-gnu/5/liblto_plugin.so -plugin-opt=/usr/lib/gcc/x86_64-linux-gnu/5/lto-wrapper -plugin-opt=-fresolution=/tmp/ccFD4tpc.res -plugin-opt=-pass-through=-lgcc_s -plugin-opt=-pass-through=-lgcc -plugin-opt=-pass-through=-lquadmath -plugin-opt=-pass-through=-lm -plugin-opt=-pass-through=-lgcc_s -plugin-opt=-pass-through=-lgcc -plugin-opt=-pass-through=-lc -plugin-opt=-pass-through=-lgcc_s -plugin-opt=-pass-through=-lgcc --sysroot=/ --build-id --eh-frame-hdr -m elf_x86_64 --hash-style=gnu --as-needed -dynamic-linker /lib64/ld-linux-x86-64.so.2 -z relro -o conftest /usr/lib/gcc/x86_64-linux-gnu/5/../../../x86_64-linux-gnu/crt1.o /usr/lib/gcc/x86_64-linux-gnu/5/../../../x86_64-linux-gnu/crti.o /usr/lib/gcc/x86_64-linux-gnu/5/crtbegin.o -L/usr/lib/x86_64-linux-gnu -L/usr/lib/gcc/x86_64-linux-gnu/5 -L/usr/lib/gcc/x86_64-linux-gnu/5/../../../x86_64-linux-gnu -L/usr/lib/gcc/x86_64-linux-gnu/5/../../../../lib -L/lib/x86_64-linux-gnu -L/lib/../lib -L/usr/lib/x86_64-linux-gnu -L/usr/lib/../lib -L/usr/lib/gcc/x86_64-linux-gnu/5/../../.. -Bsymbolic-functions -z relro /tmp/ccUyTNBu.o -lmpichfort -lmpich -lgfortran -lm -lgcc_s -lgcc -lquadmath -lm -lgcc_s -lgcc -lc -lgcc_s -lgcc /usr/lib/gcc/x86_64-linux-gnu/5/crtend.o /usr/lib/gcc/x86_64-linux-gnu/5/../../../x86_64-linux-gnu/crtn.o
configure:4544: result: -v
configure:4546: checking for Fortran 77 libraries of mpif90
configure:4569: mpif90 -o conftest -g -O2 -v conftest.f
mpifort for MPICH version 3.2
Using built-in specs.
Target: x86_64-linux-gnu
Thread model: posix
gcc version 5.4.0 20160609 (Ubuntu 5.4.0-6ubuntu1~16.04.10) 
 /usr/lib/gcc/x86_64-linux-gnu/5/f951 conftest.f -ffixed-form -I /usr/include/mpich -I /usr/include/mpich -quiet -dumpbase conftest.f -mtune=generic -march=x86-64 -auxbase conftest -g -O2 -version -fintrinsic-modules-path /usr/lib/gcc/x86_64-linux-gnu/5/finclude -o /tmp/cc9B1MgS.s
GNU Fortran (Ubuntu 5.4.0-6ubuntu1~16.04.10) version 5.4.0 20160609 (x86_64-linux-gnu)
	compiled by GNU C version 5.4.0 20160609, GMP version 6.1.0, MPFR version 3.1.4, MPC version 1.0.3
GGC heuristics: --param ggc-min-expand=100 --param ggc-min-heapsize=131072
GNU Fortran2008 (Ubuntu 5.4.0-6ubuntu1~16.04.10) version 5.4.0 20160609 (x86_64-linux-gnu)
	compiled by GNU C version 5.4.0 20160609, GMP version 6.1.0, MPFR version 3.1.4, MPC version 1.0.3
GGC heuristics: --param ggc-min-expand=100 --param ggc-min-heapsize=131072
 as -v -I /usr/include/mpich -I /usr/include/mpich --64 -o /tmp/ccm6SqdA.o /tmp/cc9B1MgS.s
GNU assembler version 2.26.1 (x86_64-linux-gnu) using BFD version (GNU Binutils for Ubuntu) 2.26.1
Reading specs from /usr/lib/gcc/x86_64-linux-gnu/5/libgfortran.spec
rename spec lib to liborig
 /usr/lib/gcc/x86_64-linux-gnu/5/collect2 -plugin /usr/lib/gcc/x86_64-linux-gnu/5/liblto_plugin.so -plugin-opt=/usr/lib/gcc/x86_64-linux-gnu/5/lto-wrapper -plugin-opt=-fresolution=/tmp/cc1ZUMai.res -plugin-opt=-pass-through=-lgcc_s -plugin-opt=-pass-through=-lgcc -plugin-opt=-pass-through=-lquadmath -plugin-opt=-pass-through=-lm -plugin-opt=-pass-through=-lgcc_s -plugin-opt=-pass-through=-lgcc -plugin-opt=-pass-through=-lc -plugin-opt=-pass-through=-lgcc_s -plugin-opt=-pass-through=-lgcc --sysroot=/ --build-id --eh-frame-hdr -m elf_x86_64 --hash-style=gnu --as-needed -dynamic-linker /lib64/ld-linux-x86-64.so.2 -z relro -o conftest /usr/lib/gcc/x86_64-linux-gnu/5/../../../x86_64-linux-gnu/crt1.o /usr/lib/gcc/x86_64-linux-gnu/5/../../../x86_64-linux-gnu/crti.o /usr/lib/gcc/x86_64-linux-gnu/5/crtbegin.o -L/usr/lib/x86_64-linux-gnu -L/usr/lib/gcc/x86_64-linux-gnu/5 -L/usr/lib/gcc/x86_64-linux-gnu/5/../../../x86_64-linux-gnu -L/usr/lib/gcc/x86_64-linux-gnu/5/../../../../lib -L/lib/x86_64-linux-gnu -L/lib/../lib -L/usr/lib/x86_64-linux-gnu -L/usr/lib/../lib -L/usr/lib/gcc/x86_64-linux-gnu/5/../../.. -Bsymbolic-functions -z relro /tmp/ccm6SqdA.o -lmpichfort -lmpich -lgfortran -lm -lgcc_s -lgcc -lquadmath -lm -lgcc_s -lgcc -lc -lgcc_s -lgcc /usr/lib/gcc/x86_64-linux-gnu/5/crtend.o /usr/lib/gcc/x86_64-linux-gnu/5/../../../x86_64-linux-gnu/crtn.o
configure:4765: result:  -L/usr/lib/x86_64-linux-gnu -L/usr/lib/gcc/x86_64-linux-gnu/5 -L/usr/lib/gcc/x86_64-linux-gnu/5/../../../x86_64-linux-gnu -L/usr/lib/gcc/x86_64-linux-gnu/5/../../../../lib -L/lib/x86_64-linux-gnu -L/lib/../lib -L/usr/lib/../lib -L/usr/lib/gcc/x86_64-linux-gnu/5/../../.. -lmpichfort -lmpich -lgfortran -lm -lquadmath
configure:4782: checking for dummy main to link with Fortran 77 libraries
configure:4816: mpicc -o conftest -g -O2   conftest.c   -L/usr/lib/x86_64-linux-gnu -L/usr/lib/gcc/x86_64-linux-gnu/5 -L/usr/lib/gcc/x86_64-linux-gnu/5/../../../x86_64-linux-gnu -L/usr/lib/gcc/x86_64-linux-gnu/5/../../../../lib -L/lib/x86_64-linux-gnu -L/lib/../lib -L/usr/lib/../lib -L/usr/lib/gcc/x86_64-linux-gnu/5/../../.. -lmpichfort -lmpich -lgfortran -lm -lquadmath >&5
configure:4816: $? = 0
configure:4861: result: none
configure:4894: checking for Fortran 77 name-mangling scheme
configure:4907: mpif90 -c -g -O2 conftest.f >&5
configure:4907: $? = 0
configure:4948: mpicc -o conftest -g -O2   conftest.c cfortran_test.o   -L/usr/lib/x86_64-linux-gnu -L/usr/lib/gcc/x86_64-linux-gnu/5 -L/usr/lib/gcc/x86_64-linux-gnu/5/../../../x86_64-linux-gnu -L/usr/lib/gcc/x86_64-linux-gnu/5/../../../../lib -L/lib/x86_64-linux-gnu -L/lib/../lib -L/usr/lib/../lib -L/usr/lib/gcc/x86_64-linux-gnu/5/../../.. -lmpichfort -lmpich -lgfortran -lm -lquadmath >&5
/tmp/ccq99KZG.o: In function `main':
/home/s3052081/Desktop/pi4u_qub_branch/lib/torc_lite/conftest.c:30: undefined reference to `foobar'
collect2: error: ld returned 1 exit status
configure:4948: $? = 1
configure: failed program was:
| /* confdefs.h */
| #define PACKAGE_NAME "Torc-Lite"
| #define PACKAGE_TARNAME "Torc-Lite"
| #define PACKAGE_VERSION "0.1a"
| #define PACKAGE_STRING "Torc-Lite 0.1a"
| #define PACKAGE_BUGREPORT ""
| #define PACKAGE_URL ""
| #define PACKAGE "Torc-Lite"
| #define VERSION "0.1a"
| /* end confdefs.h.  */
| 
| /* Override any GCC internal prototype to avoid an error.
|    Use char because int might match the return type of a GCC
|    builtin and then its argument prototype would still apply.  */
| #ifdef __cplusplus
| extern "C"
| #endif
| char foobar ();
| #ifdef F77_DUMMY_MAIN
| 
| #  ifdef __cplusplus
|      extern "C"
| #  endif
|    int F77_DUMMY_MAIN() { return 1; }
| 
| #endif
| int
| main ()
| {
| return foobar ();
|   ;
|   return 0;
| }
configure:4948: mpicc -o conftest -g -O2   conftest.c cfortran_test.o   -L/usr/lib/x86_64-linux-gnu -L/usr/lib/gcc/x86_64-linux-gnu/5 -L/usr/lib/gcc/x86_64-linux-gnu/5/../../../x86_64-linux-gnu -L/usr/lib/gcc/x86_64-linux-gnu/5/../../../../lib -L/lib/x86_64-linux-gnu -L/lib/../lib -L/usr/lib/../lib -L/usr/lib/gcc/x86_64-linux-gnu/5/../../.. -lmpichfort -lmpich -lgfortran -lm -lquadmath >&5
configure:4948: $? = 0
configure:5006: mpicc -o conftest -g -O2   conftest.c cfortran_test.o   -L/usr/lib/x86_64-linux-gnu -L/usr/lib/gcc/x86_64-linux-gnu/5 -L/usr/lib/gcc/x86_64-linux-gnu/5/../../../x86_64-linux-gnu -L/usr/lib/gcc/x86_64-linux-gnu/5/../../../../lib -L/lib/x86_64-linux-gnu -L/lib/../lib -L/usr/lib/../lib -L/usr/lib/gcc/x86_64-linux-gnu/5/../../.. -lmpichfort -lmpich -lgfortran -lm -lquadmath >&5
configure:5006: $? = 0
configure:5048: result: lower case, underscore, no extra underscore
configure:5119: CPPFLAGS= -D_REENTRANT  
configure:5126: CPPFLAGS= -D_REENTRANT   -D_REENTRANT  
configure:5134: checking for grep that handles long lines and -e
configure:5192: result: /bin/grep
configure:5197: checking for egrep
configure:5259: result: /bin/grep -E
configure:5264: checking for ANSI C header files
configure:5292: mpicc -c -g -O2  -D_REENTRANT   -D_REENTRANT   conftest.c >&5
configure:5292: $? = 0
configure:5365: mpicc -o conftest -g -O2  -D_REENTRANT   -D_REENTRANT    conftest.c  >&5
configure:5365: $? = 0
configure:5365: ./conftest
configure:5365: $? = 0
configure:5376: result: yes
configure:5389: checking for sys/types.h
configure:5389: mpicc -c -g -O2  -D_REENTRANT   -D_REENTRANT   conftest.c >&5
configure:5389: $? = 0
configure:5389: result: yes
configure:5389: checking for sys/stat.h
configure:5389: mpicc -c -g -O2  -D_REENTRANT   -D_REENTRANT   conftest.c >&5
configure:5389: $? = 0
configure:5389: result: yes
configure:5389: checking for stdlib.h
configure:5389: mpicc -c -g -O2  -D_REENTRANT   -D_REENTRANT   conftest.c >&5
configure:5389: $? = 0
configure:5389: result: yes
configure:5389: checking for string.h
configure:5389: mpicc -c -g -O2  -D_REENTRANT   -D_REENTRANT   conftest.c >&5
configure:5389: $? = 0
configure:5389: result: yes
configure:5389: checking for memory.h
configure:5389: mpicc -c -g -O2  -D_REENTRANT   -D_REENTRANT   conftest.c >&5
configure:5389: $? = 0
configure:5389: result: yes
configure:5389: checking for strings.h
configure:5389: mpicc -c -g -O2  -D_REENTRANT   -D_REENTRANT   conftest.c >&5
configure:5389: $? = 0
configure:5389: result: yes
configure:5389: checking for inttypes.h
configure:5389: mpicc -c -g -O2  -D_REENTRANT   -D_REENTRANT   conftest.c >&5
configure:5389: $? = 0
configure:5389: result: yes
configure:5389: checking for stdint.h
configure:5389: mpicc -c -g -O2  -D_REENTRANT   -D_REENTRANT   conftest.c >&5
configure:5389: $? = 0
configure:5389: result: yes
configure:5389: checking for unistd.h
configure:5389: mpicc -c -g -O2  -D_REENTRANT   -D_REENTRANT   conftest.c >&5
configure:5389: $? = 0
configure:5389: result: yes
configure:5403: checking pthread.h usability
configure:5403: mpicc -c -g -O2  -D_REENTRANT   -D_REENTRANT   conftest.c >&5
configure:5403: $? = 0
configure:5403: result: yes
configure:5403: checking pthread.h presence
configure:5403: mpicc -E  -D_REENTRANT   -D_REENTRANT   conftest.c
configure:5403: $? = 0
configure:5403: result: yes
configure:5403: checking for pthread.h
configure:5403: result: yes
configure:5427: checking for sched_yield
configure:5427: mpicc -o conftest -g -O2  -D_REENTRANT   -D_REENTRANT    conftest.c  >&5
configure:5427: $? = 0
configure:5427: result: yes
configure:5520: posix synchronization method not defined - using default (mutex_try)
configure:5529: checking for usable pthread_mutex_t
configure:5556: mpicc -c -g -O2  -D_REENTRANT   -D_REENTRANT   conftest.c >&5
configure:5556: $? = 0
configure:5565: result: yes
configure:5692: checking for default cache line size
configure:5804: mpicc -o conftest -g -O2  -D_REENTRANT   -D_REENTRANT    conftest.c  >&5
conftest.c: In function 'main':
conftest.c:103:3: warning: implicit declaration of function 'exit' [-Wimplicit-function-declaration]
   exit(1);
   ^
conftest.c:103:3: warning: incompatible implicit declaration of built-in function 'exit'
conftest.c:103:3: note: include '<stdlib.h>' or provide a declaration of 'exit'
conftest.c:108:2: warning: incompatible implicit declaration of built-in function 'exit'
  exit(0);
  ^
conftest.c:108:2: note: include '<stdlib.h>' or provide a declaration of 'exit'
conftest.c: At top level:
conftest.c:120:1: error: redefinition of 'main'
 main ()
 ^
conftest.c:99:5: note: previous definition of 'main' was here
 int main(int argc, char *argv) {
     ^
conftest.c: In function 'main':
conftest.c:121:1: error: number of arguments doesn't match prototype
 {
 ^
conftest.c:99:5: error: prototype declaration
 int main(int argc, char *argv) {
     ^
configure:5804: $? = 1
configure: program exited with status 1
configure: failed program was:
| /* confdefs.h */
| #define PACKAGE_NAME "Torc-Lite"
| #define PACKAGE_TARNAME "Torc-Lite"
| #define PACKAGE_VERSION "0.1a"
| #define PACKAGE_STRING "Torc-Lite 0.1a"
| #define PACKAGE_BUGREPORT ""
| #define PACKAGE_URL ""
| #define PACKAGE "Torc-Lite"
| #define VERSION "0.1a"
| #define F77_FUNC(name,NAME) name ## _
| #define F77_FUNC_(name,NAME) name ## _
| #define STDC_HEADERS 1
| #define HAVE_SYS_TYPES_H 1
| #define HAVE_SYS_STAT_H 1
| #define HAVE_STDLIB_H 1
| #define HAVE_STRING_H 1
| #define HAVE_MEMORY_H 1
| #define HAVE_STRINGS_H 1
| #define HAVE_INTTYPES_H 1
| #define HAVE_STDINT_H 1
| #define HAVE_UNISTD_H 1
| #define HAVE_PTHREAD_H 1
| #define HAVE_SCHED_YIELD 1
| /* end confdefs.h.  */
| 
| 
| /* Borrowed from OMPi (lib/sysdeps.h) */
| #include <stdio.h>
| 
| /*
|  * Processors
|  */
| #if defined(pentium4) || defined(__pentium4)
|   #define __cpu_x86 686
| #elif defined(i686) || defined(__i686) ||     defined(pentiumpro) || defined(__pentiumpro) ||     defined(pentium2) || defined(__pentium2) ||     defined(pentium3) || defined(__pentium3)
|   #define __cpu_x86 686
|   #define __cpu_686_class p6       /* Only used for CACHE_LINE size */
| #elif defined(i586) || defined(__i586) || defined(pentium) || defined(__pentium)
|   #define __cpu_x86 586
| #elif defined(i486) || defined(__i486)
|   #define __cpu_x86 486
| #elif defined(i386) || defined(__i386)
|   #define __cpu_x86 386
| #endif
| 
| #if defined(sparcv9) || defined(__sparcv9)
|   #define __cpu_sparc v9
| #elif defined(sparc) || defined(__sparc)
|   #define __cpu_sparc v8
| #endif
| 
| #if defined(mips) || defined(__mips)
|   #define __cpu_mips 1
| #endif
| 
| /*
|  * CACHE_LINE size (for L2 cache).
|  * A generally good value here is 128 bytes, so it is the default, to be
|  * on the safe side.
|  * However, different processors have different sizes, so below
|  * we try to match their values.
|  */
| #if defined(__cpu_x86)
|   /* Up to and including P6 cpus (Pentium Pro, Pentium II, Pentium III),
|    * the L1 & L2 line size is 32 bytes. All newer CPUs have cache lines
|    * of 64 bytes. Netbutst CPUs (Pentium 4, Pentium D, Pentium Extreme and
|    * some Xeons), in addition have a "sector" size of 128 bytes.
|    * #if __cpu_686_class == p6
|    *   #define CACHE_LINE 32
|    * #else
|    *   #define CACHE_LINE 64
|    * #endif
|    * All known Athlons have 64-byte cache lines.
|    */
|   #define CACHE_LINE 64
| #elif defined(__cpu_sparc)
|   /* UltraSparcs (v9) use L2 cache lines of 64 bytes, up to IIIi.
|    * IIIcu has line sizes 64 - 512 bytes (!) but anyways, they have
|    * the 64 bytes as "a unit of fill & coherency".
|    * IV ahs 64 - 128 bytes
|    * IV+ and T1 came back to 64-byte cache lines.
|    *
|    * So, 64 bytes should be ok.
|    */
|   #define CACHE_LINE 64
| #elif defined(__cpu_mips)
|    /* The specifications say that the R4000 has a variable size for
|     * its cache lines, between 4 and 32 words. MIPS 10000 (MIPS IV)
|     * has 16-32 words lines, and it is a 64-bit CPU, which means
|     * that it has lines of size 128-256 bytes.
|     * The following may need to be modified to 256(?).
|     */
|   #define CACHE_LINE 128
| #else
|   #define CACHE_LINE 128       /* A default value */
| #endif
| 
| 
| int main(int argc, char *argv) {
| 	FILE *fp;
| 
| 	if ((fp = fopen("conftestval", "w")) == NULL)
| 		exit(1);
| 	fprintf(fp, "%d\n", CACHE_LINE);
| 	fclose(fp);
| 
| 	/* die successfully */
| 	exit(0);
| }
| 
| #ifdef F77_DUMMY_MAIN
| 
| #  ifdef __cplusplus
|      extern "C"
| #  endif
|    int F77_DUMMY_MAIN() { return 1; }
| 
| #endif
| int
| main ()
| {
| 
|   ;
|   return 0;
| }
configure:5814: result: 128
configure:5835: using default cache line size (128 bytes) 
configure:5967: checking for MPI/C support
configure:6007: mpicc -o conftest -g -O2  -D_REENTRANT   -D_REENTRANT     -lpthread conftest.c  >&5
conftest.c:48:1: error: redefinition of 'main'
 main ()
 ^
conftest.c:31:6: note: previous definition of 'main' was here
  int main(int argc, char **argv) {
      ^
conftest.c: In function 'main':
conftest.c:49:1: error: number of arguments doesn't match prototype
 {
 ^
conftest.c:31:6: error: prototype declaration
  int main(int argc, char **argv) {
      ^
configure:6007: $? = 1
configure: failed program was:
| /* confdefs.h */
| #define PACKAGE_NAME "Torc-Lite"
| #define PACKAGE_TARNAME "Torc-Lite"
| #define PACKAGE_VERSION "0.1a"
| #define PACKAGE_STRING "Torc-Lite 0.1a"
| #define PACKAGE_BUGREPORT ""
| #define PACKAGE_URL ""
| #define PACKAGE "Torc-Lite"
| #define VERSION "0.1a"
| #define F77_FUNC(name,NAME) name ## _
| #define F77_FUNC_(name,NAME) name ## _
| #define STDC_HEADERS 1
| #define HAVE_SYS_TYPES_H 1
| #define HAVE_SYS_STAT_H 1
| #define HAVE_STDLIB_H 1
| #define HAVE_STRING_H 1
| #define HAVE_MEMORY_H 1
| #define HAVE_STRINGS_H 1
| #define HAVE_INTTYPES_H 1
| #define HAVE_STDINT_H 1
| #define HAVE_UNISTD_H 1
| #define HAVE_PTHREAD_H 1
| #define HAVE_SCHED_YIELD 1
| #define CACHE_LINE_SIZE 128
| #define TORC_STATS /**/
| /* end confdefs.h.  */
| 
| 
| 	#include <stdio.h>
| 	#include <mpi.h>
| 	int main(int argc, char **argv) {
| 		printf("hello\n");
| 		MPI_Init(&argc, &argv);
| 		MPI_Finalize();
| 		return 0;
| 	}
| 
| 
| #ifdef F77_DUMMY_MAIN
| 
| #  ifdef __cplusplus
|      extern "C"
| #  endif
|    int F77_DUMMY_MAIN() { return 1; }
| 
| #endif
| int
| main ()
| {
| 
|   ;
|   return 0;
| }
| 
configure:6027: result: no
configure:6143: checking that generated files are newer than configure
configure:6149: result: done
configure:6176: creating ./config.status

## ---------------------- ##
## Running config.status. ##
## ---------------------- ##

This file was extended by Torc-Lite config.status 0.1a, which was
generated by GNU Autoconf 2.69.  Invocation command line was

  CONFIG_FILES    = 
  CONFIG_HEADERS  = 
  CONFIG_LINKS    = 
  CONFIG_COMMANDS = 
  $ ./config.status 

on ECS135543

config.status:892: creating Makefile
config.status:892: creating src/Makefile
config.status:892: creating scripts/Makefile
config.status:892: creating demo/Makefile
config.status:892: creating include/torc_config.h
config.status:1073: include/torc_config.h is unchanged
config.status:1121: executing depfiles commands

## ---------------- ##
## Cache variables. ##
## ---------------- ##

ac_cv_build=x86_64-unknown-linux-gnu
ac_cv_c_compiler_gnu=yes
ac_cv_env_CCASFLAGS_set=
ac_cv_env_CCASFLAGS_value=
ac_cv_env_CCAS_set=
ac_cv_env_CCAS_value=
ac_cv_env_CC_set=
ac_cv_env_CC_value=
ac_cv_env_CFLAGS_set=
ac_cv_env_CFLAGS_value=
ac_cv_env_CPPFLAGS_set=
ac_cv_env_CPPFLAGS_value=
ac_cv_env_CPP_set=
ac_cv_env_CPP_value=
ac_cv_env_F77_set=
ac_cv_env_F77_value=
ac_cv_env_FFLAGS_set=
ac_cv_env_FFLAGS_value=
ac_cv_env_LDFLAGS_set=
ac_cv_env_LDFLAGS_value=
ac_cv_env_LIBS_set=
ac_cv_env_LIBS_value=
ac_cv_env_build_alias_set=
ac_cv_env_build_alias_value=
ac_cv_env_host_alias_set=
ac_cv_env_host_alias_value=
ac_cv_env_target_alias_set=
ac_cv_env_target_alias_value=
ac_cv_f77_compiler_gnu=yes
ac_cv_f77_dummy_main=none
ac_cv_f77_libs=' -L/usr/lib/x86_64-linux-gnu -L/usr/lib/gcc/x86_64-linux-gnu/5 -L/usr/lib/gcc/x86_64-linux-gnu/5/../../../x86_64-linux-gnu -L/usr/lib/gcc/x86_64-linux-gnu/5/../../../../lib -L/lib/x86_64-linux-gnu -L/lib/../lib -L/usr/lib/../lib -L/usr/lib/gcc/x86_64-linux-gnu/5/../../.. -lmpichfort -lmpich -lgfortran -lm -lquadmath'
ac_cv_f77_mangling='lower case, underscore, no extra underscore'
ac_cv_fortran_dummy_main=none
ac_cv_func_sched_yield=yes
ac_cv_header_inttypes_h=yes
ac_cv_header_memory_h=yes
ac_cv_header_pthread_h=yes
ac_cv_header_stdc=yes
ac_cv_header_stdint_h=yes
ac_cv_header_stdlib_h=yes
ac_cv_header_string_h=yes
ac_cv_header_strings_h=yes
ac_cv_header_sys_stat_h=yes
ac_cv_header_sys_types_h=yes
ac_cv_header_unistd_h=yes
ac_cv_host=x86_64-unknown-linux-gnu
ac_cv_objext=o
ac_cv_path_EGREP='/bin/grep -E'
ac_cv_path_GREP=/bin/grep
ac_cv_path_install='/usr/bin/install -c'
ac_cv_path_mkdir=/bin/mkdir
ac_cv_prog_AWK=mawk
ac_cv_prog_CPP='mpicc -E'
ac_cv_prog_ac_ct_CC=mpicc
ac_cv_prog_ac_ct_F77=mpif90
ac_cv_prog_ac_ct_RANLIB=ranlib
ac_cv_prog_cc_c89=
ac_cv_prog_cc_g=yes
ac_cv_prog_f77_g=yes
ac_cv_prog_f77_v=-v
ac_cv_prog_make_make_set=yes
ac_cv_target=x86_64-unknown-linux-gnu
am_cv_CCAS_dependencies_compiler_type=gcc3
am_cv_CC_dependencies_compiler_type=gcc3
am_cv_make_support_nested_variables=yes
am_cv_prog_cc_c_o=yes

## ----------------- ##
## Output variables. ##
## ----------------- ##

ACLOCAL='${SHELL} /home/s3052081/Desktop/pi4u_qub_branch/lib/torc_lite/auxdir/missing aclocal-1.15'
AMDEPBACKSLASH='\'
AMDEP_FALSE='#'
AMDEP_TRUE=''
AMTAR='$${TAR-tar}'
AM_BACKSLASH='\'
AM_DEFAULT_V='$(AM_DEFAULT_VERBOSITY)'
AM_DEFAULT_VERBOSITY='1'
AM_V='$(V)'
AUTOCONF='${SHELL} /home/s3052081/Desktop/pi4u_qub_branch/lib/torc_lite/auxdir/missing autoconf'
AUTOHEADER='${SHELL} /home/s3052081/Desktop/pi4u_qub_branch/lib/torc_lite/auxdir/missing autoheader'
AUTOMAKE='${SHELL} /home/s3052081/Desktop/pi4u_qub_branch/lib/torc_lite/auxdir/missing automake-1.15'
AWK='mawk'
CC='mpicc'
CCAS='mpicc'
CCASDEPMODE='depmode=gcc3'
CCASFLAGS='-g -O2'
CCDEPMODE='depmode=gcc3'
CFLAGS='-g -O2'
CPP='mpicc -E'
CPPFLAGS=' -D_REENTRANT   -D_REENTRANT  '
CYGPATH_W='echo'
DEBUG_FLAG=''
DEFS='-DHAVE_CONFIG_H'
DEPDIR='.deps'
ECHO_C=''
ECHO_N='-n'
ECHO_T=''
EGREP='/bin/grep -E'
EXEEXT=''
F77='mpif90'
FFLAGS='-g -O2'
FLIBS=' -L/usr/lib/x86_64-linux-gnu -L/usr/lib/gcc/x86_64-linux-gnu/5 -L/usr/lib/gcc/x86_64-linux-gnu/5/../../../x86_64-linux-gnu -L/usr/lib/gcc/x86_64-linux-gnu/5/../../../../lib -L/lib/x86_64-linux-gnu -L/lib/../lib -L/usr/lib/../lib -L/usr/lib/gcc/x86_64-linux-gnu/5/../../.. -lmpichfort -lmpich -lgfortran -lm -lquadmath'
GREP='/bin/grep'
INSTALL_DATA='${INSTALL} -m 644'
INSTALL_PROGRAM='${INSTALL}'
INSTALL_SCRIPT='${INSTALL}'
INSTALL_STRIP_PROGRAM='$(install_sh) -c -s'
LDFLAGS='  -lpthread'
LIBOBJS=''
LIBS=''
LTLIBOBJS=''
MAKEINFO='${SHELL} /home/s3052081/Desktop/pi4u_qub_branch/lib/torc_lite/auxdir/missing makeinfo'
MKDIR_P='/bin/mkdir -p'
MPICC=''
MPILIB=''
NNODES='1024'
NVPS='64'
OBJEXT='o'
PACKAGE='Torc-Lite'
PACKAGE_BUGREPORT=''
PACKAGE_NAME='Torc-Lite'
PACKAGE_STRING='Torc-Lite 0.1a'
PACKAGE_TARNAME='Torc-Lite'
PACKAGE_URL=''
PACKAGE_VERSION='0.1a'
PATH_SEPARATOR=':'
RANLIB='ranlib'
SET_MAKE=''
SHELL='/bin/bash'
STRIP=''
VERSION='0.1a'
ac_ct_CC='mpicc'
ac_ct_F77='mpif90'
am__EXEEXT_FALSE=''
am__EXEEXT_TRUE='#'
am__fastdepCCAS_FALSE='#'
am__fastdepCCAS_TRUE=''
am__fastdepCC_FALSE='#'
am__fastdepCC_TRUE=''
am__include='include'
am__isrc=''
am__leading_dot='.'
am__nodep='_no'
am__quote=''
am__tar='$${TAR-tar} chof - "$$tardir"'
am__untar='$${TAR-tar} xf -'
bindir='${exec_prefix}/bin'
build='x86_64-unknown-linux-gnu'
build_alias=''
build_cpu='x86_64'
build_os='linux-gnu'
build_vendor='unknown'
datadir='${datarootdir}'
datarootdir='${prefix}/share'
docdir='${datarootdir}/doc/${PACKAGE_TARNAME}'
dvidir='${docdir}'
exec_prefix='${prefix}'
host='x86_64-unknown-linux-gnu'
host_alias=''
host_cpu='x86_64'
host_os='linux-gnu'
host_vendor='unknown'
htmldir='${docdir}'
includedir='${prefix}/include'
infodir='${datarootdir}/info'
install_sh='${SHELL} /home/s3052081/Desktop/pi4u_qub_branch/lib/torc_lite/auxdir/install-sh'
libdir='${exec_prefix}/lib'
libexecdir='${exec_prefix}/libexec'
localedir='${datarootdir}/locale'
localstatedir='${prefix}/var'
mandir='${datarootdir}/man'
mkdir_p='$(MKDIR_P)'
oldincludedir='/usr/include'
pdfdir='${docdir}'
prefix='//home/s3052081/usr'
program_transform_name='s,x,x,'
psdir='${docdir}'
sbindir='${exec_prefix}/sbin'
sharedstatedir='${prefix}/com'
sysconfdir='${prefix}/etc'
target='x86_64-unknown-linux-gnu'
target_alias=''
target_cpu='x86_64'
target_os='linux-gnu'
target_vendor='unknown'

## ----------- ##
## confdefs.h. ##
## ----------- ##

/* confdefs.h */
#define PACKAGE_NAME "Torc-Lite"
#define PACKAGE_TARNAME "Torc-Lite"
#define PACKAGE_VERSION "0.1a"
#define PACKAGE_STRING "Torc-Lite 0.1a"
#define PACKAGE_BUGREPORT ""
#define PACKAGE_URL ""
#define PACKAGE "Torc-Lite"
#define VERSION "0.1a"
#define F77_FUNC(name,NAME) name ## _
#define F77_FUNC_(name,NAME) name ## _
#define STDC_HEADERS 1
#define HAVE_SYS_TYPES_H 1
#define HAVE_SYS_STAT_H 1
#define HAVE_STDLIB_H 1
#define HAVE_STRING_H 1
#define HAVE_MEMORY_H 1
#define HAVE_STRINGS_H 1
#define HAVE_INTTYPES_H 1
#define HAVE_STDINT_H 1
#define HAVE_UNISTD_H 1
#define HAVE_PTHREAD_H 1
#define HAVE_SCHED_YIELD 1
#define CACHE_LINE_SIZE 128
#define TORC_STATS /**/

configure: exit 0
